NZ.RT20  -38.6015  176.2125    0.0000    0.0000       6       0       0       0    0.0885    0.0000   1
NZ.RT08  -38.6144  176.2020    0.0000    0.0000     287       0       6       0    0.1126    0.0158   1
NZ.RT21  -38.6284  176.2245    0.0000    0.0000       7       0       0       0    0.1249    0.0000   1
NZ.NS14  -38.5660  176.1973    0.0000    0.0000    1977       0      28       0    0.0493    0.0135   1
NZ.NS05  -38.5512  176.1772    0.0000    0.0000     153       0       5       0    0.0319    0.0117   1
NZ.RT13  -38.5910  176.1788    0.0000    0.0000     158       0       0       0    0.2482    0.0000   1
NZ.RT19  -38.6084  176.2053    0.0000    0.0000      13       0       0       0    0.0985    0.0000   1
NZ.RT11  -38.5994  176.1941    0.0000    0.0000     231       0       7       0    0.1948    0.0055   1
NZ.NS08  -38.5304  176.1854    0.0000    0.0000    9204       0     468       0    0.0398    0.0198   1
NZ.RT17  -38.6069  176.2272    0.0000    0.0000      13       0       0       0    0.6494    0.0000   1
NZ.NS12  -38.5454  176.1905    0.0000    0.0000    2764       0      73       0    0.0469    0.0152   1
NZ.NS02  -38.5543  176.1623    0.0000    0.0000    2672       0     294       0    0.0359    0.0215   1
NZ.NS13  -38.5532  176.1851    0.0000    0.0000    2794       0     160       0    0.0309    0.0135   1
NZ.RT16  -38.6082  176.1784    0.0000    0.0000       1       0       0       0    0.1268    0.0000   1
NZ.HRRZ  -38.3901  176.2838    0.0000    0.0000    2059       0      57       0    0.5013    0.0174   1
NZ.NS01  -38.5082  176.1770    0.0000    0.0000    3893       0     109       0    0.0465    0.0222   1
NZ.WPRZ  -38.5196  176.1624    0.0000    0.0000   25310       0   98006       3    0.0137    0.0281   1
NZ.PRRZ  -38.4971  176.3930    0.0000    0.0000     424       0       6       0    0.0430    0.0282   1
NZ.RT03  -38.6049  176.2182    0.0000    0.0000      57       0       4       0    0.0108    0.0063   1
NZ.RT14  -38.6168  176.1947    0.0000    0.0000      56       0       0       0    0.6784    0.0000   1
NZ.RT01  -38.6226  176.1721    0.0000    0.0000     204       0      12       0    0.0740    0.0124   1
NZ.NS07  -38.5608  176.2270    0.0000    0.0000     160       0      13       0    0.3066    0.0201   1
NZ.NS11  -38.5659  176.1903    0.0000    0.0000     287       0       6       0    0.0992    0.0228   1
NZ.NS18  -38.5307  176.1852    0.0000    0.0000     577       0       1       0    0.0494    0.0012   1
NZ.RT18  -38.6070  176.1890    0.0000    0.0000      12       0       0       0    0.0586    0.0000   1
NZ.NS09  -38.5755  176.1628    0.0000    0.0000     539       0      48       0    0.1570    0.0212   1
NZ.RT02  -38.6017  176.1766    0.0000    0.0000     242       0       6       0    0.1905    0.0100   1
NZ.RT23  -38.6001  176.1605    0.0000    0.0000       7       0       0       0    0.1034    0.0000   1
NZ.RT09  -38.6124  176.1752    0.0000    0.0000      83       0       3       0    0.0875    0.0144   1
NZ.ARAZ  -38.6277  176.1201    0.0000    0.0000      16       0       2       0    0.0184    0.0036   1
NZ.NS06  -38.5654  176.1946    0.0000    0.0000    4330       0      99       0    0.0416    0.0210   1
NZ.ALRZ  -38.5620  176.3430    0.0000    0.0000    1397       0      20       0    0.1418    0.0202   1
NZ.RT05  -38.6318  176.1960    0.0000    0.0000     339       0       4       0    0.1916    0.0062   1
NZ.NS03  -38.5233  176.2091    0.0000    0.0000   10394       0   22453       1    0.0261    0.0270   1
NZ.RT07  -38.6044  176.2065    0.0000    0.0000      32       0       4       0    0.2883    0.0080   1
NZ.NS16  -38.5751  176.1620    0.0000    0.0000       6       0       1       0    0.1370    0.0333   1
NZ.NS10  -38.5847  176.2019    0.0000    0.0000     158       0       1       0    0.0682    0.0202   1
NZ.RT12  -38.6141  176.2231    0.0000    0.0000      23       0       4       0    0.0428    0.0192   1
NZ.NS04  -38.5425  176.2257    0.0000    0.0000   10987       0     440       0    0.0301    0.0185   1
NZ.RT06  -38.6169  176.1892    0.0000    0.0000      12       0       1       0    0.0128    0.0058   1
