NZ.RT20  -38.6015  176.2125    0.0000    0.0000       6       0       4       0    0.1062    0.0290   1
NZ.RT08  -38.6144  176.2020    0.0000    0.0000       6       0       4       0    0.0212    0.0035   1
NZ.RT21  -38.6284  176.2245    0.0000    0.0000       7       0      25       0    0.1428    0.0410   1
NZ.NS14  -38.5660  176.1973    0.0000    0.0000    2034       0    3049      55    0.0541    0.0310   1
NZ.NS05  -38.5512  176.1772    0.0000    0.0000     155       0     447     108    0.0253    0.0359   1
NZ.RT13  -38.5910  176.1788    0.0000    0.0000     147       0     113       9    0.2356    0.0464   1
NZ.RT19  -38.6084  176.2053    0.0000    0.0000      13       0      38       9    0.1252    0.0447   1
NZ.RT11  -38.5994  176.1941    0.0000    0.0000      37       0      65       1    0.1835    0.0392   1
NZ.NS08  -38.5304  176.1854    0.0000    0.0000    1360       0    1375     255    0.0641    0.0394   1
NZ.RT17  -38.6069  176.2272    0.0000    0.0000      13       0      29      13    0.6224    0.0461   1
NZ.NS12  -38.5454  176.1905    0.0000    0.0000    2702       0    9325       0    0.0523    0.0322   1
NZ.NS02  -38.5543  176.1623    0.0000    0.0000     366       0     985     113    0.0552    0.0357   1
NZ.NS13  -38.5532  176.1851    0.0000    0.0000    2652       0   10840     146    0.0454    0.0305   1
NZ.HRRZ  -38.3901  176.2838    0.0000    0.0000     567       0     428       0    0.1898    0.0522   1
NZ.NS01  -38.5082  176.1770    0.0000    0.0000    3834       0    6941     245    0.0472    0.0371   1
NZ.WPRZ  -38.5196  176.1624    0.0000    0.0000    2594       0   32064     239    0.0331    0.0435   1
NZ.PRRZ  -38.4971  176.3930    0.0000    0.0000     136       0     101       3    0.0480    0.0542   1
NZ.RT03  -38.6049  176.2182    0.0000    0.0000       4       0       4       0    0.0216    0.0148   1
NZ.RT14  -38.6168  176.1947    0.0000    0.0000      60       0      14       2    0.6290    0.0347   1
NZ.RT01  -38.6226  176.1721    0.0000    0.0000      40       0     192      11    0.1082    0.0513   1
NZ.NS07  -38.5608  176.2270    0.0000    0.0000      34       0     434       3    0.0649    0.0386   1
NZ.NS11  -38.5659  176.1903    0.0000    0.0000     308       0     957      45    0.0962    0.0284   1
NZ.NS18  -38.5307  176.1852    0.0000    0.0000     620       0     355       0    0.0413    0.0395   1
NZ.NS15  -38.5764  176.2154    0.0000    0.0000       0       0       3       0    0.0000    0.0500   1
NZ.RT18  -38.6070  176.1890    0.0000    0.0000      12       0      85      13    0.0761    0.0470   1
NZ.NS09  -38.5755  176.1628    0.0000    0.0000      97       0     295      29    0.2168    0.0386   1
NZ.RT02  -38.6017  176.1766    0.0000    0.0000      23       0      23       0    0.0753    0.0319   1
NZ.RT23  -38.6001  176.1605    0.0000    0.0000       8       0       3       0    0.1251    0.0519   1
NZ.RT09  -38.6124  176.1752    0.0000    0.0000      10       0      14       1    0.0805    0.0337   1
NZ.RT22  -38.5804  176.1870    0.0000    0.0000       0       0       1       0    0.0000    0.0331   1
NZ.ARAZ  -38.6277  176.1201    0.0000    0.0000       3       0      17       1    0.0680    0.0544   1
NZ.NS06  -38.5654  176.1946    0.0000    0.0000     182       0      84       2    0.0384    0.0216   1
NZ.ALRZ  -38.5620  176.3430    0.0000    0.0000     392       0     747       4    0.1112    0.0396   1
NZ.RT05  -38.6318  176.1960    0.0000    0.0000      66       0     330      40    0.1930    0.0402   1
NZ.NS03  -38.5233  176.2091    0.0000    0.0000    1362       0   15747     288    0.0461    0.0490   1
NZ.RT07  -38.6044  176.2065    0.0000    0.0000       5       0       4       0    0.6320    0.0331   1
NZ.NS16  -38.5751  176.1620    0.0000    0.0000       6       0      55       0    0.1425    0.0406   1
NZ.NS10  -38.5847  176.2019    0.0000    0.0000     175       0     165      18    0.0768    0.0343   1
NZ.RT12  -38.6141  176.2231    0.0000    0.0000      16       0      55       4    0.0494    0.0452   1
NZ.NS04  -38.5425  176.2257    0.0000    0.0000    1025       0    2770      97    0.0504    0.0492   1
