NZ.RT20  -38.6015  176.2125    0.0000    0.0000       6       0       1       0    0.1624    0.0271   1
NZ.RT08  -38.6144  176.2020    0.0000    0.0000       7       0       0       0    0.0209    0.0000   1
NZ.RT21  -38.6284  176.2245    0.0000    0.0000       7       0       5       0    0.1496    0.0145   1
NZ.NS14  -38.5660  176.1973    0.0000    0.0000    2046       0    1180       7    0.0516    0.0149   1
NZ.NS05  -38.5512  176.1772    0.0000    0.0000     787       0     898      20    0.0207    0.0173   1
NZ.RT13  -38.5910  176.1788    0.0000    0.0000     319       0      51       0    0.1802    0.0278   1
NZ.RT19  -38.6084  176.2053    0.0000    0.0000      13       0       5       1    0.1293    0.0074   1
NZ.RT11  -38.5994  176.1941    0.0000    0.0000     114       0      26       1    0.1723    0.0171   1
NZ.RT15  -38.6122  176.2000    0.0000    0.0000       7       0       0       0    0.9027    0.0000   1
NZ.NS08  -38.5304  176.1854    0.0000    0.0000    1689       0    2706      34    0.0620    0.0287   1
NZ.RT17  -38.6069  176.2272    0.0000    0.0000      14       0      12       3    0.6157    0.0203   1
NZ.NS12  -38.5454  176.1905    0.0000    0.0000    2816       0    2122       0    0.0529    0.0159   1
NZ.NS02  -38.5543  176.1623    0.0000    0.0000     638       0    3836      11    0.0481    0.0260   1
NZ.NS13  -38.5532  176.1851    0.0000    0.0000    2842       0    2922      28    0.0526    0.0139   1
NZ.RT16  -38.6082  176.1784    0.0000    0.0000       6       0       0       0    0.0101    0.0000   1
NZ.HRRZ  -38.3901  176.2838    0.0000    0.0000     667       0     499       0    0.1768    0.0281   1
NZ.NS01  -38.5082  176.1770    0.0000    0.0000    5481       0   16541      38    0.0436    0.0246   1
NZ.WPRZ  -38.5196  176.1624    0.0000    0.0000    3779       0   46094      36    0.0278    0.0259   1
NZ.PRRZ  -38.4971  176.3930    0.0000    0.0000     117       0      16       0    0.0495    0.0152   1
NZ.RT03  -38.6049  176.2182    0.0000    0.0000       4       0       0       0    0.0190    0.0000   1
NZ.RT14  -38.6168  176.1947    0.0000    0.0000      97       0      16       0    0.5043    0.0202   1
NZ.RT01  -38.6226  176.1721    0.0000    0.0000      40       0      68       1    0.1907    0.0152   1
NZ.NS07  -38.5608  176.2270    0.0000    0.0000      82       0     186       1    0.3113    0.0168   1
NZ.NS11  -38.5659  176.1903    0.0000    0.0000     387       0    2964       9    0.0929    0.0230   1
NZ.NS18  -38.5307  176.1852    0.0000    0.0000     539       0      71       0    0.0449    0.0203   1
NZ.RT18  -38.6070  176.1890    0.0000    0.0000      12       0      19       1    0.0686    0.0222   1
NZ.NS09  -38.5755  176.1628    0.0000    0.0000     145       0     259       6    0.1751    0.0220   1
NZ.RT02  -38.6017  176.1766    0.0000    0.0000      25       0       2       0    0.0724    0.0016   1
NZ.RT23  -38.6001  176.1605    0.0000    0.0000       7       0       0       0    0.1171    0.0000   1
NZ.RT09  -38.6124  176.1752    0.0000    0.0000      11       0       0       0    0.0741    0.0000   1
NZ.ARAZ  -38.6277  176.1201    0.0000    0.0000       4       0       4       0    0.0585    0.0041   1
NZ.NS06  -38.5654  176.1946    0.0000    0.0000     178       0      28       1    0.0444    0.0117   1
NZ.ALRZ  -38.5620  176.3430    0.0000    0.0000     413       0     152       0    0.1086    0.0248   1
NZ.RT05  -38.6318  176.1960    0.0000    0.0000      70       0      97       8    0.1963    0.0253   1
NZ.NS03  -38.5233  176.2091    0.0000    0.0000    1597       0   11988      30    0.0458    0.0282   1
NZ.RT07  -38.6044  176.2065    0.0000    0.0000       5       0       0       0    0.3736    0.0000   1
NZ.NS16  -38.5751  176.1620    0.0000    0.0000       6       0       5       0    0.1396    0.0113   1
NZ.NS10  -38.5847  176.2019    0.0000    0.0000     322       0     144       2    0.0590    0.0297   1
NZ.RT12  -38.6141  176.2231    0.0000    0.0000      23       0      20       0    0.0474    0.0230   1
NZ.NS04  -38.5425  176.2257    0.0000    0.0000    1290       0    1202       5    0.0472    0.0252   1
