NZ.RT20  -38.6015  176.2125    0.0000    0.0000       9       0       0       0    0.0141    0.0000   1
NZ.RT08  -38.6144  176.2020    0.0000    0.0000       6       0       0       0    0.0234    0.0000   1
NZ.RT21  -38.6284  176.2245    0.0000    0.0000       7       0       2       0    0.1510    0.0118   1
NZ.NS14  -38.5660  176.1973    0.0000    0.0000    2071       0     373       3    0.0509    0.0171   1
NZ.NS05  -38.5512  176.1772    0.0000    0.0000     477       0     118       5    0.0261    0.0239   1
NZ.RT13  -38.5910  176.1788    0.0000    0.0000     499       0      34       1    0.1160    0.0301   1
NZ.RT19  -38.6084  176.2053    0.0000    0.0000      20       0       2       1    0.1310    0.0051   1
NZ.RT11  -38.5994  176.1941    0.0000    0.0000      75       0       4       1    0.1744    0.0058   1
NZ.NS08  -38.5304  176.1854    0.0000    0.0000    1737       0     547       8    0.0611    0.0306   1
NZ.RT17  -38.6069  176.2272    0.0000    0.0000      15       0       1       0    0.5983    0.0010   1
NZ.NS12  -38.5454  176.1905    0.0000    0.0000    3435       0    8648       0    0.0477    0.0318   1
NZ.NS02  -38.5543  176.1623    0.0000    0.0000     657       0    2165       2    0.0705    0.0352   1
NZ.NS13  -38.5532  176.1851    0.0000    0.0000    3135       0    4576      14    0.0456    0.0259   1
NZ.HRRZ  -38.3901  176.2838    0.0000    0.0000     627       0     241       0    0.1815    0.0287   1
NZ.NS01  -38.5082  176.1770    0.0000    0.0000    4740       0   15533      15    0.0444    0.0324   1
NZ.WPRZ  -38.5196  176.1624    0.0000    0.0000    3246       0   45323       8    0.0339    0.0349   1
NZ.PRRZ  -38.4971  176.3930    0.0000    0.0000     137       0       2       0    0.0456    0.0659   1
NZ.RT03  -38.6049  176.2182    0.0000    0.0000       4       0       0       0    0.0254    0.0000   1
NZ.RT14  -38.6168  176.1947    0.0000    0.0000     127       0       1       0    0.4571    0.0020   1
NZ.RT01  -38.6226  176.1721    0.0000    0.0000      51       0      48       2    0.1345    0.0285   1
NZ.NS07  -38.5608  176.2270    0.0000    0.0000      66       0      77       0    0.0847    0.0165   1
NZ.NS11  -38.5659  176.1903    0.0000    0.0000     336       0     435       1    0.0807    0.0272   1
NZ.NS18  -38.5307  176.1852    0.0000    0.0000     576       0      37       0    0.0424    0.0217   1
NZ.RT18  -38.6070  176.1890    0.0000    0.0000      15       0       6       0    0.0757    0.0155   1
NZ.NS09  -38.5755  176.1628    0.0000    0.0000     164       0      97       0    0.1639    0.0363   1
NZ.RT02  -38.6017  176.1766    0.0000    0.0000      20       0       0       0    0.0768    0.0000   1
NZ.RT23  -38.6001  176.1605    0.0000    0.0000       7       0       0       0    0.1156    0.0000   1
NZ.RT09  -38.6124  176.1752    0.0000    0.0000      10       0       0       0    0.0833    0.0000   1
NZ.ARAZ  -38.6277  176.1201    0.0000    0.0000       3       0       2       0    0.0765    0.0004   1
NZ.NS06  -38.5654  176.1946    0.0000    0.0000     175       0      10       0    0.0424    0.0123   1
NZ.ALRZ  -38.5620  176.3430    0.0000    0.0000     424       0      48       0    0.1056    0.0179   1
NZ.THQ2  -38.6684  176.1698    0.0000    0.0000       0       0       8       0    0.0000    0.0014   1
NZ.RT05  -38.6318  176.1960    0.0000    0.0000      70       0      23       0    0.1839    0.0215   1
NZ.NS03  -38.5233  176.2091    0.0000    0.0000    1533       0    2242       8    0.0437    0.0293   1
NZ.RT07  -38.6044  176.2065    0.0000    0.0000       2       0       0       0    0.6007    0.0000   1
NZ.NS16  -38.5751  176.1620    0.0000    0.0000       6       0       1       0    0.1416    0.0110   1
NZ.NS10  -38.5847  176.2019    0.0000    0.0000     355       0      58       0    0.0659    0.0320   1
NZ.RT12  -38.6141  176.2231    0.0000    0.0000      15       0       1       0    0.0545    0.0064   1
NZ.NS04  -38.5425  176.2257    0.0000    0.0000    1014       0     136       0    0.0501    0.0288   1
